-------------------------------------------------------------------------------
Test set: com.blog.BlogApplicationTests
-------------------------------------------------------------------------------
Tests run: 1, Failures: 0, Errors: 1, Skipped: 0, Time elapsed: 1.052 s <<< FAILURE! - in com.blog.BlogApplicationTests
contextLoads  Time elapsed: 0.002 s  <<< ERROR!
java.lang.IllegalStateException: Failed to load ApplicationContext
Caused by: org.springframework.beans.factory.BeanDefinitionStoreException: Failed to parse configuration class [com.blog.BlogApplication]; nested exception is org.springframework.context.annotation.ConflictingBeanDefinitionException: Annotation-specified bean name 'dynamicScheduleTask' for bean class [com.blog.service.impl.DynamicScheduleTask] conflicts with existing, non-compatible bean definition of same name and class [com.blog.DynamicScheduleTask]
Caused by: org.springframework.context.annotation.ConflictingBeanDefinitionException: Annotation-specified bean name 'dynamicScheduleTask' for bean class [com.blog.service.impl.DynamicScheduleTask] conflicts with existing, non-compatible bean definition of same name and class [com.blog.DynamicScheduleTask]

